\BOOKMARK [1][-]{section.1}{Introduction}{}% 1
\BOOKMARK [1][-]{section.2}{Description of data and methodology}{}% 2
\BOOKMARK [2][-]{subsection.2.1}{Irrigated Areas}{section.2}% 3
\BOOKMARK [2][-]{subsection.2.2}{Irrigation Application Volumes}{section.2}% 4
\BOOKMARK [2][-]{subsection.2.3}{Application Rate}{section.2}% 5
\BOOKMARK [2][-]{subsection.2.4}{Irrigation Efficiency}{section.2}% 6
\BOOKMARK [2][-]{subsection.2.5}{Rainfall}{section.2}% 7
\BOOKMARK [1][-]{section.3}{Assumptions in Estimating Irrigation Efficiency and Application Rate}{}% 8
\BOOKMARK [2][-]{subsection.3.1}{Floodplain and Highland}{section.3}% 9
\BOOKMARK [2][-]{subsection.3.2}{Comprehensive Drainage Schemes}{section.3}% 10
\BOOKMARK [2][-]{subsection.3.3}{Miscellaneous Quantities}{section.3}% 11
\BOOKMARK [1][-]{section.4}{Calculation of Accession Volumes}{}% 12
\BOOKMARK [1][-]{section.5}{Discussion}{}% 13
\BOOKMARK [2][-]{subsection.5.1}{Comments of Estimated Accession Volumes}{section.5}% 14
\BOOKMARK [1][-]{section.6}{Bibliography}{}% 15
\BOOKMARK [1][-]{Appendix.a.A}{Appendix Excel\256 Spreadsheets}{}% 16
\BOOKMARK [1][-]{Appendix.a.B}{Appendix Cobdogla}{}% 17
\BOOKMARK [1][-]{Appendix.a.C}{Appendix Berri}{}% 18
\BOOKMARK [1][-]{Appendix.a.D}{Appendix Renmark}{}% 19
\BOOKMARK [1][-]{Appendix.a.E}{Appendix Chaffey}{}% 20
